
Showing logs for build [32mcb-kubecd-environment-pr-164-45-7kbsr-1[0m stage [32mfrom-build-pack[0m and container [32mstep-credential-initializer-blbjt[0m
{"level":"warn","ts":1582249647.3995755,"logger":"fallback-logger","caller":"logging/config.go:69","msg":"Fetch GitHub commit ID from kodata failed: \"ref: refs/heads/0.8.0-**-support-backwards-incompats\" is not a valid GitHub commit ID"}
{"level":"info","ts":1582249647.400499,"logger":"fallback-logger","caller":"creds-init/main.go:40","msg":"Credentials initialized."}

Showing logs for build [32mcb-kubecd-environment-pr-164-45-7kbsr-1[0m stage [32mfrom-build-pack[0m and container [32mstep-working-dir-initializer-2j9m2[0m
{"level":"warn","ts":1582249649.017552,"logger":"fallback-logger","caller":"logging/config.go:69","msg":"Fetch GitHub commit ID from kodata failed: open /var/run/ko/HEAD: no such file or directory"}
{"level":"info","ts":1582249649.0208433,"logger":"fallback-logger","caller":"bash/main.go:64","msg":"Successfully executed command \"sh -c mkdir -p /workspace/source\"; output "}

Showing logs for build [32mcb-kubecd-environment-pr-164-45-7kbsr-1[0m stage [32mfrom-build-pack[0m and container [32mstep-place-tools[0m

Showing logs for build [32mcb-kubecd-environment-pr-164-45-7kbsr-1[0m stage [32mfrom-build-pack[0m and container [32mstep-git-source-cb-kubecd-environment-pr-164-45-7kbsr-dr4nh[0m
{"level":"warn","ts":1582249655.767222,"logger":"fallback-logger","caller":"logging/config.go:69","msg":"Fetch GitHub commit ID from kodata failed: \"ref: refs/heads/0.8.0-**-support-backwards-incompats\" is not a valid GitHub commit ID"}
{"level":"info","ts":1582249656.8392596,"logger":"fallback-logger","caller":"git/git.go:103","msg":"Successfully cloned https://github.com/cb-kubecd/environment-pr-164-45-boot-gke-staging.git @ master in path /workspace/source"}

Showing logs for build [32mcb-kubecd-environment-pr-164-45-7kbsr-1[0m stage [32mfrom-build-pack[0m and container [32mstep-git-merge[0m
Using SHAs from PULL_REFS=master:22e3e352e8392567b251b4b11ece9543b19b3391,8:1cde1ab1da196d3a719ce90f802bb42416e8ecab
DEBUG: LC_ALL=C JX_LOG_LEVEL=error git fetch origin --unshallow 1cde1ab1da196d3a719ce90f802bb42416e8ecab: 22e3e352e8392567b251b4b11ece9543b19b3391:
DEBUG: ran git fetch --unshallow origin 1cde1ab1da196d3a719ce90f802bb42416e8ecab: 22e3e352e8392567b251b4b11ece9543b19b3391: in 
DEBUG: LC_ALL=C JX_LOG_LEVEL=error git branch
DEBUG: LC_ALL=C JX_LOG_LEVEL=error git checkout master
DEBUG: ran git checkout master in 
DEBUG: JX_LOG_LEVEL=error LC_ALL=C git reset --hard 22e3e352e8392567b251b4b11ece9543b19b3391
DEBUG: ran git reset --hard 22e3e352e8392567b251b4b11ece9543b19b3391 in 
DEBUG: LC_ALL=C JX_LOG_LEVEL=error git clean -fd .
DEBUG: ran clean --force -d . in 
DEBUG: JX_LOG_LEVEL=error LC_ALL=C git merge 1cde1ab1da196d3a719ce90f802bb42416e8ecab
DEBUG: ran git merge 1cde1ab1da196d3a719ce90f802bb42416e8ecab in 
DEBUG: LC_ALL=C JX_LOG_LEVEL=error git log --format=%H%x1f%an%x1f%ae%x1f%cn%x1f%ce%x1f%s%n%b%x1e 22e3e352e8392567b251b4b11ece9543b19b3391..HEAD
Merged SHA 1cde1ab1da196d3a719ce90f802bb42416e8ecab with commit message 'chore: Promote bdd-sbhg-import-1582247955 to version 0.0.1' into base branch master

Showing logs for build [32mcb-kubecd-environment-pr-164-45-7kbsr-1[0m stage [32mfrom-build-pack[0m and container [32mstep-build-helm-build[0m
WARNING: No $CHART_REPOSITORY defined so using the default value of: http://jenkins-x-chartmuseum:8080
Adding missing Helm repo: storage.googleapis.com https://storage.googleapis.com/chartmuseum.jenkins-x.io
WARNING: No secrets found on "helm/repos" due: reading the secret "helm/repos" from vault: no secret "helm/repos" not found in vault
Read credentials for https://storage.googleapis.com/chartmuseum.jenkins-x.io from vault helm/repos
Successfully added Helm repository storage.googleapis.com.
Adding missing Helm repo: jenkins-x-chartmuseum http://jenkins-x-chartmuseum:8080
WARNING: No secrets found on "helm/repos" due: reading the secret "helm/repos" from vault: no secret "helm/repos" not found in vault
Read credentials for http://jenkins-x-chartmuseum:8080 from vault helm/repos
Successfully added Helm repository jenkins-x-chartmuseum.
WARNING: No $CHART_REPOSITORY defined so using the default value of: http://jenkins-x-chartmuseum:8080
Adding missing Helm repo: chartmuseum.jenkins-x.io http://chartmuseum.jenkins-x.io
WARNING: No secrets found on "helm/repos" due: reading the secret "helm/repos" from vault: no secret "helm/repos" not found in vault
Read credentials for http://chartmuseum.jenkins-x.io from vault helm/repos
Successfully added Helm repository chartmuseum.jenkins-x.io.
